[2019-04-26 20:30:49,807] TRACE [Controller id=0 epoch=51] Sending UpdateMetadata request PartitionState(controllerEpoch=13, leader=0, leaderEpoch=0, isr=[0], zkVersion=0, replicas=[0], offlineReplicas=[]) to brokers Set(0) for partition topics-0 (state.change.logger)
[2019-04-26 20:30:49,808] TRACE [Controller id=0 epoch=51] Sending UpdateMetadata request PartitionState(controllerEpoch=13, leader=0, leaderEpoch=0, isr=[0], zkVersion=0, replicas=[0], offlineReplicas=[]) to brokers Set(0) for partition userFollowing-0 (state.change.logger)
[2019-04-26 20:30:49,809] TRACE [Controller id=0 epoch=51] Sending UpdateMetadata request PartitionState(controllerEpoch=21, leader=0, leaderEpoch=0, isr=[0], zkVersion=0, replicas=[0], offlineReplicas=[]) to brokers Set(0) for partition message-0 (state.change.logger)
[2019-04-26 20:30:49,809] TRACE [Controller id=0 epoch=51] Sending UpdateMetadata request PartitionState(controllerEpoch=22, leader=0, leaderEpoch=0, isr=[0], zkVersion=0, replicas=[0], offlineReplicas=[]) to brokers Set(0) for partition createanswer-0 (state.change.logger)
[2019-04-26 20:30:49,809] TRACE [Controller id=0 epoch=51] Sending UpdateMetadata request PartitionState(controllerEpoch=15, leader=0, leaderEpoch=0, isr=[0], zkVersion=0, replicas=[0], offlineReplicas=[]) to brokers Set(0) for partition content-0 (state.change.logger)
[2019-04-26 20:30:49,809] TRACE [Controller id=0 epoch=51] Sending UpdateMetadata request PartitionState(controllerEpoch=13, leader=0, leaderEpoch=0, isr=[0], zkVersion=0, replicas=[0], offlineReplicas=[]) to brokers Set(0) for partition topic-0 (state.change.logger)
[2019-04-26 20:30:49,809] TRACE [Controller id=0 epoch=51] Sending UpdateMetadata request PartitionState(controllerEpoch=13, leader=0, leaderEpoch=0, isr=[0], zkVersion=0, replicas=[0], offlineReplicas=[]) to brokers Set(0) for partition inbox-0 (state.change.logger)
[2019-04-26 20:30:49,809] TRACE [Controller id=0 epoch=51] Sending UpdateMetadata request PartitionState(controllerEpoch=22, leader=0, leaderEpoch=0, isr=[0], zkVersion=0, replicas=[0], offlineReplicas=[]) to brokers Set(0) for partition fetchanswers-0 (state.change.logger)
[2019-04-26 20:30:49,809] TRACE [Controller id=0 epoch=51] Sending UpdateMetadata request PartitionState(controllerEpoch=1, leader=0, leaderEpoch=0, isr=[0], zkVersion=0, replicas=[0], offlineReplicas=[]) to brokers Set(0) for partition auth-0 (state.change.logger)
[2019-04-26 20:30:49,809] TRACE [Controller id=0 epoch=51] Sending UpdateMetadata request PartitionState(controllerEpoch=21, leader=0, leaderEpoch=0, isr=[0], zkVersion=0, replicas=[0], offlineReplicas=[]) to brokers Set(0) for partition answer-0 (state.change.logger)
[2019-04-26 20:30:49,809] TRACE [Controller id=0 epoch=51] Sending UpdateMetadata request PartitionState(controllerEpoch=13, leader=0, leaderEpoch=0, isr=[0], zkVersion=0, replicas=[0], offlineReplicas=[]) to brokers Set(0) for partition userFollowers-0 (state.change.logger)
[2019-04-26 20:30:49,809] TRACE [Controller id=0 epoch=51] Sending UpdateMetadata request PartitionState(controllerEpoch=1, leader=0, leaderEpoch=0, isr=[0], zkVersion=0, replicas=[0], offlineReplicas=[]) to brokers Set(0) for partition profile-0 (state.change.logger)
[2019-04-26 20:30:49,809] TRACE [Controller id=0 epoch=51] Sending UpdateMetadata request PartitionState(controllerEpoch=22, leader=0, leaderEpoch=0, isr=[0], zkVersion=0, replicas=[0], offlineReplicas=[]) to brokers Set(0) for partition follow-0 (state.change.logger)
[2019-04-26 20:30:49,809] TRACE [Controller id=0 epoch=51] Sending UpdateMetadata request PartitionState(controllerEpoch=13, leader=0, leaderEpoch=0, isr=[0], zkVersion=0, replicas=[0], offlineReplicas=[]) to brokers Set(0) for partition topcis-0 (state.change.logger)
[2019-04-26 20:30:49,809] TRACE [Controller id=0 epoch=51] Sending UpdateMetadata request PartitionState(controllerEpoch=1, leader=0, leaderEpoch=0, isr=[0], zkVersion=0, replicas=[0], offlineReplicas=[]) to brokers Set(0) for partition response_topic-0 (state.change.logger)
[2019-04-26 20:30:49,809] TRACE [Controller id=0 epoch=51] Sending UpdateMetadata request PartitionState(controllerEpoch=13, leader=0, leaderEpoch=0, isr=[0], zkVersion=0, replicas=[0], offlineReplicas=[]) to brokers Set(0) for partition question-0 (state.change.logger)
[2019-04-26 20:30:49,809] TRACE [Controller id=0 epoch=51] Sending UpdateMetadata request PartitionState(controllerEpoch=22, leader=0, leaderEpoch=0, isr=[0], zkVersion=0, replicas=[0], offlineReplicas=[]) to brokers Set(0) for partition getanswer-0 (state.change.logger)
[2019-04-26 20:30:49,811] TRACE [Controller id=0 epoch=51] Changed state of replica 0 for partition userFollowers-0 from OnlineReplica to OnlineReplica (state.change.logger)
[2019-04-26 20:30:49,811] TRACE [Controller id=0 epoch=51] Changed state of replica 0 for partition createanswer-0 from OnlineReplica to OnlineReplica (state.change.logger)
[2019-04-26 20:30:49,811] TRACE [Controller id=0 epoch=51] Changed state of replica 0 for partition question-0 from OnlineReplica to OnlineReplica (state.change.logger)
[2019-04-26 20:30:49,812] TRACE [Controller id=0 epoch=51] Changed state of replica 0 for partition auth-0 from OnlineReplica to OnlineReplica (state.change.logger)
[2019-04-26 20:30:49,812] TRACE [Controller id=0 epoch=51] Changed state of replica 0 for partition response_topic-0 from OnlineReplica to OnlineReplica (state.change.logger)
[2019-04-26 20:30:49,812] TRACE [Controller id=0 epoch=51] Changed state of replica 0 for partition topic-0 from OnlineReplica to OnlineReplica (state.change.logger)
[2019-04-26 20:30:49,812] TRACE [Controller id=0 epoch=51] Changed state of replica 0 for partition answer-0 from OnlineReplica to OnlineReplica (state.change.logger)
[2019-04-26 20:30:49,812] TRACE [Controller id=0 epoch=51] Changed state of replica 0 for partition topcis-0 from OnlineReplica to OnlineReplica (state.change.logger)
[2019-04-26 20:30:49,812] TRACE [Controller id=0 epoch=51] Changed state of replica 0 for partition topics-0 from OnlineReplica to OnlineReplica (state.change.logger)
[2019-04-26 20:30:49,812] TRACE [Controller id=0 epoch=51] Changed state of replica 0 for partition follow-0 from OnlineReplica to OnlineReplica (state.change.logger)
[2019-04-26 20:30:49,812] TRACE [Controller id=0 epoch=51] Changed state of replica 0 for partition inbox-0 from OnlineReplica to OnlineReplica (state.change.logger)
[2019-04-26 20:30:49,812] TRACE [Controller id=0 epoch=51] Changed state of replica 0 for partition profile-0 from OnlineReplica to OnlineReplica (state.change.logger)
[2019-04-26 20:30:49,813] TRACE [Controller id=0 epoch=51] Changed state of replica 0 for partition message-0 from OnlineReplica to OnlineReplica (state.change.logger)
[2019-04-26 20:30:49,813] TRACE [Controller id=0 epoch=51] Changed state of replica 0 for partition getanswer-0 from OnlineReplica to OnlineReplica (state.change.logger)
[2019-04-26 20:30:49,813] TRACE [Controller id=0 epoch=51] Changed state of replica 0 for partition userFollowing-0 from OnlineReplica to OnlineReplica (state.change.logger)
[2019-04-26 20:30:49,813] TRACE [Controller id=0 epoch=51] Changed state of replica 0 for partition fetchanswers-0 from OnlineReplica to OnlineReplica (state.change.logger)
[2019-04-26 20:30:49,813] TRACE [Controller id=0 epoch=51] Changed state of replica 0 for partition content-0 from OnlineReplica to OnlineReplica (state.change.logger)
[2019-04-26 20:30:49,813] TRACE [Controller id=0 epoch=51] Sending become-leader LeaderAndIsr request PartitionState(controllerEpoch=13, leader=0, leaderEpoch=0, isr=0, zkVersion=0, replicas=0, isNew=false) to broker 0 for partition topics-0 (state.change.logger)
[2019-04-26 20:30:49,813] TRACE [Controller id=0 epoch=51] Sending become-leader LeaderAndIsr request PartitionState(controllerEpoch=13, leader=0, leaderEpoch=0, isr=0, zkVersion=0, replicas=0, isNew=false) to broker 0 for partition userFollowing-0 (state.change.logger)
[2019-04-26 20:30:49,813] TRACE [Controller id=0 epoch=51] Sending become-leader LeaderAndIsr request PartitionState(controllerEpoch=22, leader=0, leaderEpoch=0, isr=0, zkVersion=0, replicas=0, isNew=false) to broker 0 for partition createanswer-0 (state.change.logger)
[2019-04-26 20:30:49,813] TRACE [Controller id=0 epoch=51] Sending become-leader LeaderAndIsr request PartitionState(controllerEpoch=21, leader=0, leaderEpoch=0, isr=0, zkVersion=0, replicas=0, isNew=false) to broker 0 for partition message-0 (state.change.logger)
[2019-04-26 20:30:49,813] TRACE [Controller id=0 epoch=51] Sending become-leader LeaderAndIsr request PartitionState(controllerEpoch=15, leader=0, leaderEpoch=0, isr=0, zkVersion=0, replicas=0, isNew=false) to broker 0 for partition content-0 (state.change.logger)
[2019-04-26 20:30:49,813] TRACE [Controller id=0 epoch=51] Sending become-leader LeaderAndIsr request PartitionState(controllerEpoch=13, leader=0, leaderEpoch=0, isr=0, zkVersion=0, replicas=0, isNew=false) to broker 0 for partition topic-0 (state.change.logger)
[2019-04-26 20:30:49,813] TRACE [Controller id=0 epoch=51] Sending become-leader LeaderAndIsr request PartitionState(controllerEpoch=13, leader=0, leaderEpoch=0, isr=0, zkVersion=0, replicas=0, isNew=false) to broker 0 for partition inbox-0 (state.change.logger)
[2019-04-26 20:30:49,813] TRACE [Controller id=0 epoch=51] Sending become-leader LeaderAndIsr request PartitionState(controllerEpoch=22, leader=0, leaderEpoch=0, isr=0, zkVersion=0, replicas=0, isNew=false) to broker 0 for partition fetchanswers-0 (state.change.logger)
[2019-04-26 20:30:49,813] TRACE [Controller id=0 epoch=51] Sending become-leader LeaderAndIsr request PartitionState(controllerEpoch=1, leader=0, leaderEpoch=0, isr=0, zkVersion=0, replicas=0, isNew=false) to broker 0 for partition auth-0 (state.change.logger)
[2019-04-26 20:30:49,813] TRACE [Controller id=0 epoch=51] Sending become-leader LeaderAndIsr request PartitionState(controllerEpoch=21, leader=0, leaderEpoch=0, isr=0, zkVersion=0, replicas=0, isNew=false) to broker 0 for partition answer-0 (state.change.logger)
[2019-04-26 20:30:49,814] TRACE [Controller id=0 epoch=51] Sending become-leader LeaderAndIsr request PartitionState(controllerEpoch=13, leader=0, leaderEpoch=0, isr=0, zkVersion=0, replicas=0, isNew=false) to broker 0 for partition userFollowers-0 (state.change.logger)
[2019-04-26 20:30:49,814] TRACE [Controller id=0 epoch=51] Sending become-leader LeaderAndIsr request PartitionState(controllerEpoch=1, leader=0, leaderEpoch=0, isr=0, zkVersion=0, replicas=0, isNew=false) to broker 0 for partition profile-0 (state.change.logger)
[2019-04-26 20:30:49,814] TRACE [Controller id=0 epoch=51] Sending become-leader LeaderAndIsr request PartitionState(controllerEpoch=22, leader=0, leaderEpoch=0, isr=0, zkVersion=0, replicas=0, isNew=false) to broker 0 for partition follow-0 (state.change.logger)
[2019-04-26 20:30:49,814] TRACE [Controller id=0 epoch=51] Sending become-leader LeaderAndIsr request PartitionState(controllerEpoch=13, leader=0, leaderEpoch=0, isr=0, zkVersion=0, replicas=0, isNew=false) to broker 0 for partition topcis-0 (state.change.logger)
[2019-04-26 20:30:49,814] TRACE [Controller id=0 epoch=51] Sending become-leader LeaderAndIsr request PartitionState(controllerEpoch=1, leader=0, leaderEpoch=0, isr=0, zkVersion=0, replicas=0, isNew=false) to broker 0 for partition response_topic-0 (state.change.logger)
[2019-04-26 20:30:49,814] TRACE [Controller id=0 epoch=51] Sending become-leader LeaderAndIsr request PartitionState(controllerEpoch=22, leader=0, leaderEpoch=0, isr=0, zkVersion=0, replicas=0, isNew=false) to broker 0 for partition getanswer-0 (state.change.logger)
[2019-04-26 20:30:49,814] TRACE [Controller id=0 epoch=51] Sending become-leader LeaderAndIsr request PartitionState(controllerEpoch=13, leader=0, leaderEpoch=0, isr=0, zkVersion=0, replicas=0, isNew=false) to broker 0 for partition question-0 (state.change.logger)
[2019-04-26 20:30:49,814] TRACE [Controller id=0 epoch=51] Sending UpdateMetadata request PartitionState(controllerEpoch=13, leader=0, leaderEpoch=0, isr=[0], zkVersion=0, replicas=[0], offlineReplicas=[]) to brokers Set(0) for partition topics-0 (state.change.logger)
[2019-04-26 20:30:49,814] TRACE [Controller id=0 epoch=51] Sending UpdateMetadata request PartitionState(controllerEpoch=13, leader=0, leaderEpoch=0, isr=[0], zkVersion=0, replicas=[0], offlineReplicas=[]) to brokers Set(0) for partition userFollowing-0 (state.change.logger)
[2019-04-26 20:30:49,814] TRACE [Controller id=0 epoch=51] Sending UpdateMetadata request PartitionState(controllerEpoch=21, leader=0, leaderEpoch=0, isr=[0], zkVersion=0, replicas=[0], offlineReplicas=[]) to brokers Set(0) for partition message-0 (state.change.logger)
[2019-04-26 20:30:49,814] TRACE [Controller id=0 epoch=51] Sending UpdateMetadata request PartitionState(controllerEpoch=22, leader=0, leaderEpoch=0, isr=[0], zkVersion=0, replicas=[0], offlineReplicas=[]) to brokers Set(0) for partition createanswer-0 (state.change.logger)
[2019-04-26 20:30:49,815] TRACE [Controller id=0 epoch=51] Sending UpdateMetadata request PartitionState(controllerEpoch=15, leader=0, leaderEpoch=0, isr=[0], zkVersion=0, replicas=[0], offlineReplicas=[]) to brokers Set(0) for partition content-0 (state.change.logger)
[2019-04-26 20:30:49,815] TRACE [Controller id=0 epoch=51] Sending UpdateMetadata request PartitionState(controllerEpoch=13, leader=0, leaderEpoch=0, isr=[0], zkVersion=0, replicas=[0], offlineReplicas=[]) to brokers Set(0) for partition topic-0 (state.change.logger)
[2019-04-26 20:30:49,815] TRACE [Controller id=0 epoch=51] Sending UpdateMetadata request PartitionState(controllerEpoch=13, leader=0, leaderEpoch=0, isr=[0], zkVersion=0, replicas=[0], offlineReplicas=[]) to brokers Set(0) for partition inbox-0 (state.change.logger)
[2019-04-26 20:30:49,815] TRACE [Controller id=0 epoch=51] Sending UpdateMetadata request PartitionState(controllerEpoch=22, leader=0, leaderEpoch=0, isr=[0], zkVersion=0, replicas=[0], offlineReplicas=[]) to brokers Set(0) for partition fetchanswers-0 (state.change.logger)
[2019-04-26 20:30:49,815] TRACE [Controller id=0 epoch=51] Sending UpdateMetadata request PartitionState(controllerEpoch=1, leader=0, leaderEpoch=0, isr=[0], zkVersion=0, replicas=[0], offlineReplicas=[]) to brokers Set(0) for partition auth-0 (state.change.logger)
[2019-04-26 20:30:49,815] TRACE [Controller id=0 epoch=51] Sending UpdateMetadata request PartitionState(controllerEpoch=21, leader=0, leaderEpoch=0, isr=[0], zkVersion=0, replicas=[0], offlineReplicas=[]) to brokers Set(0) for partition answer-0 (state.change.logger)
[2019-04-26 20:30:49,815] TRACE [Controller id=0 epoch=51] Sending UpdateMetadata request PartitionState(controllerEpoch=13, leader=0, leaderEpoch=0, isr=[0], zkVersion=0, replicas=[0], offlineReplicas=[]) to brokers Set(0) for partition userFollowers-0 (state.change.logger)
[2019-04-26 20:30:49,815] TRACE [Controller id=0 epoch=51] Sending UpdateMetadata request PartitionState(controllerEpoch=1, leader=0, leaderEpoch=0, isr=[0], zkVersion=0, replicas=[0], offlineReplicas=[]) to brokers Set(0) for partition profile-0 (state.change.logger)
[2019-04-26 20:30:49,815] TRACE [Controller id=0 epoch=51] Sending UpdateMetadata request PartitionState(controllerEpoch=22, leader=0, leaderEpoch=0, isr=[0], zkVersion=0, replicas=[0], offlineReplicas=[]) to brokers Set(0) for partition follow-0 (state.change.logger)
[2019-04-26 20:30:49,815] TRACE [Controller id=0 epoch=51] Sending UpdateMetadata request PartitionState(controllerEpoch=13, leader=0, leaderEpoch=0, isr=[0], zkVersion=0, replicas=[0], offlineReplicas=[]) to brokers Set(0) for partition topcis-0 (state.change.logger)
[2019-04-26 20:30:49,815] TRACE [Controller id=0 epoch=51] Sending UpdateMetadata request PartitionState(controllerEpoch=1, leader=0, leaderEpoch=0, isr=[0], zkVersion=0, replicas=[0], offlineReplicas=[]) to brokers Set(0) for partition response_topic-0 (state.change.logger)
[2019-04-26 20:30:49,815] TRACE [Controller id=0 epoch=51] Sending UpdateMetadata request PartitionState(controllerEpoch=22, leader=0, leaderEpoch=0, isr=[0], zkVersion=0, replicas=[0], offlineReplicas=[]) to brokers Set(0) for partition getanswer-0 (state.change.logger)
[2019-04-26 20:30:49,815] TRACE [Controller id=0 epoch=51] Sending UpdateMetadata request PartitionState(controllerEpoch=13, leader=0, leaderEpoch=0, isr=[0], zkVersion=0, replicas=[0], offlineReplicas=[]) to brokers Set(0) for partition question-0 (state.change.logger)
[2019-04-26 20:32:11,820] DEBUG preRegister called. Server=com.sun.jmx.mbeanserver.JmxMBeanServer@66d3c617, name=log4j:logger=state.change.logger (state.change.logger)
[2019-04-26 20:46:04,874] DEBUG preRegister called. Server=com.sun.jmx.mbeanserver.JmxMBeanServer@66d3c617, name=log4j:logger=state.change.logger (state.change.logger)
[2019-04-26 20:46:26,155] TRACE [Controller id=0 epoch=52] Sending UpdateMetadata request PartitionState(controllerEpoch=13, leader=0, leaderEpoch=0, isr=[0], zkVersion=0, replicas=[0], offlineReplicas=[]) to brokers Set(0) for partition topics-0 (state.change.logger)
[2019-04-26 20:46:26,155] TRACE [Controller id=0 epoch=52] Sending UpdateMetadata request PartitionState(controllerEpoch=13, leader=0, leaderEpoch=0, isr=[0], zkVersion=0, replicas=[0], offlineReplicas=[]) to brokers Set(0) for partition userFollowing-0 (state.change.logger)
[2019-04-26 20:46:26,155] TRACE [Controller id=0 epoch=52] Sending UpdateMetadata request PartitionState(controllerEpoch=22, leader=0, leaderEpoch=0, isr=[0], zkVersion=0, replicas=[0], offlineReplicas=[]) to brokers Set(0) for partition createanswer-0 (state.change.logger)
[2019-04-26 20:46:26,155] TRACE [Controller id=0 epoch=52] Sending UpdateMetadata request PartitionState(controllerEpoch=21, leader=0, leaderEpoch=0, isr=[0], zkVersion=0, replicas=[0], offlineReplicas=[]) to brokers Set(0) for partition message-0 (state.change.logger)
[2019-04-26 20:46:26,156] TRACE [Controller id=0 epoch=52] Sending UpdateMetadata request PartitionState(controllerEpoch=15, leader=0, leaderEpoch=0, isr=[0], zkVersion=0, replicas=[0], offlineReplicas=[]) to brokers Set(0) for partition content-0 (state.change.logger)
[2019-04-26 20:46:26,156] TRACE [Controller id=0 epoch=52] Sending UpdateMetadata request PartitionState(controllerEpoch=13, leader=0, leaderEpoch=0, isr=[0], zkVersion=0, replicas=[0], offlineReplicas=[]) to brokers Set(0) for partition topic-0 (state.change.logger)
[2019-04-26 20:46:26,156] TRACE [Controller id=0 epoch=52] Sending UpdateMetadata request PartitionState(controllerEpoch=13, leader=0, leaderEpoch=0, isr=[0], zkVersion=0, replicas=[0], offlineReplicas=[]) to brokers Set(0) for partition inbox-0 (state.change.logger)
[2019-04-26 20:46:26,156] TRACE [Controller id=0 epoch=52] Sending UpdateMetadata request PartitionState(controllerEpoch=22, leader=0, leaderEpoch=0, isr=[0], zkVersion=0, replicas=[0], offlineReplicas=[]) to brokers Set(0) for partition fetchanswers-0 (state.change.logger)
[2019-04-26 20:46:26,156] TRACE [Controller id=0 epoch=52] Sending UpdateMetadata request PartitionState(controllerEpoch=1, leader=0, leaderEpoch=0, isr=[0], zkVersion=0, replicas=[0], offlineReplicas=[]) to brokers Set(0) for partition auth-0 (state.change.logger)
[2019-04-26 20:46:26,156] TRACE [Controller id=0 epoch=52] Sending UpdateMetadata request PartitionState(controllerEpoch=21, leader=0, leaderEpoch=0, isr=[0], zkVersion=0, replicas=[0], offlineReplicas=[]) to brokers Set(0) for partition answer-0 (state.change.logger)
[2019-04-26 20:46:26,156] TRACE [Controller id=0 epoch=52] Sending UpdateMetadata request PartitionState(controllerEpoch=13, leader=0, leaderEpoch=0, isr=[0], zkVersion=0, replicas=[0], offlineReplicas=[]) to brokers Set(0) for partition userFollowers-0 (state.change.logger)
[2019-04-26 20:46:26,156] TRACE [Controller id=0 epoch=52] Sending UpdateMetadata request PartitionState(controllerEpoch=1, leader=0, leaderEpoch=0, isr=[0], zkVersion=0, replicas=[0], offlineReplicas=[]) to brokers Set(0) for partition profile-0 (state.change.logger)
[2019-04-26 20:46:26,156] TRACE [Controller id=0 epoch=52] Sending UpdateMetadata request PartitionState(controllerEpoch=22, leader=0, leaderEpoch=0, isr=[0], zkVersion=0, replicas=[0], offlineReplicas=[]) to brokers Set(0) for partition follow-0 (state.change.logger)
[2019-04-26 20:46:26,157] TRACE [Controller id=0 epoch=52] Sending UpdateMetadata request PartitionState(controllerEpoch=13, leader=0, leaderEpoch=0, isr=[0], zkVersion=0, replicas=[0], offlineReplicas=[]) to brokers Set(0) for partition topcis-0 (state.change.logger)
[2019-04-26 20:46:26,157] TRACE [Controller id=0 epoch=52] Sending UpdateMetadata request PartitionState(controllerEpoch=1, leader=0, leaderEpoch=0, isr=[0], zkVersion=0, replicas=[0], offlineReplicas=[]) to brokers Set(0) for partition response_topic-0 (state.change.logger)
[2019-04-26 20:46:26,157] TRACE [Controller id=0 epoch=52] Sending UpdateMetadata request PartitionState(controllerEpoch=13, leader=0, leaderEpoch=0, isr=[0], zkVersion=0, replicas=[0], offlineReplicas=[]) to brokers Set(0) for partition question-0 (state.change.logger)
[2019-04-26 20:46:26,157] TRACE [Controller id=0 epoch=52] Sending UpdateMetadata request PartitionState(controllerEpoch=22, leader=0, leaderEpoch=0, isr=[0], zkVersion=0, replicas=[0], offlineReplicas=[]) to brokers Set(0) for partition getanswer-0 (state.change.logger)
[2019-04-26 20:46:26,206] TRACE [Controller id=0 epoch=52] Changed state of replica 0 for partition userFollowers-0 from OnlineReplica to OnlineReplica (state.change.logger)
[2019-04-26 20:46:26,207] TRACE [Controller id=0 epoch=52] Changed state of replica 0 for partition createanswer-0 from OnlineReplica to OnlineReplica (state.change.logger)
[2019-04-26 20:46:26,207] TRACE [Controller id=0 epoch=52] Changed state of replica 0 for partition question-0 from OnlineReplica to OnlineReplica (state.change.logger)
[2019-04-26 20:46:26,207] TRACE [Controller id=0 epoch=52] Changed state of replica 0 for partition auth-0 from OnlineReplica to OnlineReplica (state.change.logger)
[2019-04-26 20:46:26,207] TRACE [Controller id=0 epoch=52] Changed state of replica 0 for partition response_topic-0 from OnlineReplica to OnlineReplica (state.change.logger)
[2019-04-26 20:46:26,208] TRACE [Controller id=0 epoch=52] Changed state of replica 0 for partition topic-0 from OnlineReplica to OnlineReplica (state.change.logger)
[2019-04-26 20:46:26,208] TRACE [Controller id=0 epoch=52] Changed state of replica 0 for partition answer-0 from OnlineReplica to OnlineReplica (state.change.logger)
[2019-04-26 20:46:26,208] TRACE [Controller id=0 epoch=52] Changed state of replica 0 for partition topcis-0 from OnlineReplica to OnlineReplica (state.change.logger)
[2019-04-26 20:46:26,208] TRACE [Controller id=0 epoch=52] Changed state of replica 0 for partition topics-0 from OnlineReplica to OnlineReplica (state.change.logger)
[2019-04-26 20:46:26,208] TRACE [Controller id=0 epoch=52] Changed state of replica 0 for partition follow-0 from OnlineReplica to OnlineReplica (state.change.logger)
[2019-04-26 20:46:26,209] TRACE [Controller id=0 epoch=52] Changed state of replica 0 for partition inbox-0 from OnlineReplica to OnlineReplica (state.change.logger)
[2019-04-26 20:46:26,209] TRACE [Controller id=0 epoch=52] Changed state of replica 0 for partition profile-0 from OnlineReplica to OnlineReplica (state.change.logger)
[2019-04-26 20:46:26,209] TRACE [Controller id=0 epoch=52] Changed state of replica 0 for partition message-0 from OnlineReplica to OnlineReplica (state.change.logger)
[2019-04-26 20:46:26,209] TRACE [Controller id=0 epoch=52] Changed state of replica 0 for partition getanswer-0 from OnlineReplica to OnlineReplica (state.change.logger)
[2019-04-26 20:46:26,209] TRACE [Controller id=0 epoch=52] Changed state of replica 0 for partition userFollowing-0 from OnlineReplica to OnlineReplica (state.change.logger)
[2019-04-26 20:46:26,209] TRACE [Controller id=0 epoch=52] Changed state of replica 0 for partition fetchanswers-0 from OnlineReplica to OnlineReplica (state.change.logger)
[2019-04-26 20:46:26,210] TRACE [Controller id=0 epoch=52] Changed state of replica 0 for partition content-0 from OnlineReplica to OnlineReplica (state.change.logger)
[2019-04-26 20:46:26,210] TRACE [Controller id=0 epoch=52] Sending become-leader LeaderAndIsr request PartitionState(controllerEpoch=13, leader=0, leaderEpoch=0, isr=0, zkVersion=0, replicas=0, isNew=false) to broker 0 for partition topics-0 (state.change.logger)
[2019-04-26 20:46:26,210] TRACE [Controller id=0 epoch=52] Sending become-leader LeaderAndIsr request PartitionState(controllerEpoch=13, leader=0, leaderEpoch=0, isr=0, zkVersion=0, replicas=0, isNew=false) to broker 0 for partition userFollowing-0 (state.change.logger)
[2019-04-26 20:46:26,210] TRACE [Controller id=0 epoch=52] Sending become-leader LeaderAndIsr request PartitionState(controllerEpoch=22, leader=0, leaderEpoch=0, isr=0, zkVersion=0, replicas=0, isNew=false) to broker 0 for partition createanswer-0 (state.change.logger)
[2019-04-26 20:46:26,211] TRACE [Controller id=0 epoch=52] Sending become-leader LeaderAndIsr request PartitionState(controllerEpoch=21, leader=0, leaderEpoch=0, isr=0, zkVersion=0, replicas=0, isNew=false) to broker 0 for partition message-0 (state.change.logger)
[2019-04-26 20:46:26,211] TRACE [Controller id=0 epoch=52] Sending become-leader LeaderAndIsr request PartitionState(controllerEpoch=15, leader=0, leaderEpoch=0, isr=0, zkVersion=0, replicas=0, isNew=false) to broker 0 for partition content-0 (state.change.logger)
[2019-04-26 20:46:26,211] TRACE [Controller id=0 epoch=52] Sending become-leader LeaderAndIsr request PartitionState(controllerEpoch=13, leader=0, leaderEpoch=0, isr=0, zkVersion=0, replicas=0, isNew=false) to broker 0 for partition topic-0 (state.change.logger)
[2019-04-26 20:46:26,211] TRACE [Controller id=0 epoch=52] Sending become-leader LeaderAndIsr request PartitionState(controllerEpoch=13, leader=0, leaderEpoch=0, isr=0, zkVersion=0, replicas=0, isNew=false) to broker 0 for partition inbox-0 (state.change.logger)
[2019-04-26 20:46:26,211] TRACE [Controller id=0 epoch=52] Sending become-leader LeaderAndIsr request PartitionState(controllerEpoch=22, leader=0, leaderEpoch=0, isr=0, zkVersion=0, replicas=0, isNew=false) to broker 0 for partition fetchanswers-0 (state.change.logger)
[2019-04-26 20:46:26,211] TRACE [Controller id=0 epoch=52] Sending become-leader LeaderAndIsr request PartitionState(controllerEpoch=1, leader=0, leaderEpoch=0, isr=0, zkVersion=0, replicas=0, isNew=false) to broker 0 for partition auth-0 (state.change.logger)
[2019-04-26 20:46:26,211] TRACE [Controller id=0 epoch=52] Sending become-leader LeaderAndIsr request PartitionState(controllerEpoch=21, leader=0, leaderEpoch=0, isr=0, zkVersion=0, replicas=0, isNew=false) to broker 0 for partition answer-0 (state.change.logger)
[2019-04-26 20:46:26,211] TRACE [Controller id=0 epoch=52] Sending become-leader LeaderAndIsr request PartitionState(controllerEpoch=13, leader=0, leaderEpoch=0, isr=0, zkVersion=0, replicas=0, isNew=false) to broker 0 for partition userFollowers-0 (state.change.logger)
[2019-04-26 20:46:26,211] TRACE [Controller id=0 epoch=52] Sending become-leader LeaderAndIsr request PartitionState(controllerEpoch=1, leader=0, leaderEpoch=0, isr=0, zkVersion=0, replicas=0, isNew=false) to broker 0 for partition profile-0 (state.change.logger)
[2019-04-26 20:46:26,211] TRACE [Controller id=0 epoch=52] Sending become-leader LeaderAndIsr request PartitionState(controllerEpoch=22, leader=0, leaderEpoch=0, isr=0, zkVersion=0, replicas=0, isNew=false) to broker 0 for partition follow-0 (state.change.logger)
[2019-04-26 20:46:26,211] TRACE [Controller id=0 epoch=52] Sending become-leader LeaderAndIsr request PartitionState(controllerEpoch=13, leader=0, leaderEpoch=0, isr=0, zkVersion=0, replicas=0, isNew=false) to broker 0 for partition topcis-0 (state.change.logger)
[2019-04-26 20:46:26,211] TRACE [Controller id=0 epoch=52] Sending become-leader LeaderAndIsr request PartitionState(controllerEpoch=1, leader=0, leaderEpoch=0, isr=0, zkVersion=0, replicas=0, isNew=false) to broker 0 for partition response_topic-0 (state.change.logger)
[2019-04-26 20:46:26,211] TRACE [Controller id=0 epoch=52] Sending become-leader LeaderAndIsr request PartitionState(controllerEpoch=22, leader=0, leaderEpoch=0, isr=0, zkVersion=0, replicas=0, isNew=false) to broker 0 for partition getanswer-0 (state.change.logger)
[2019-04-26 20:46:26,211] TRACE [Controller id=0 epoch=52] Sending become-leader LeaderAndIsr request PartitionState(controllerEpoch=13, leader=0, leaderEpoch=0, isr=0, zkVersion=0, replicas=0, isNew=false) to broker 0 for partition question-0 (state.change.logger)
[2019-04-26 20:46:26,212] TRACE [Broker id=0] Cached leader info PartitionState(controllerEpoch=22, leader=0, leaderEpoch=0, isr=[0], zkVersion=0, replicas=[0], offlineReplicas=[]) for partition createanswer-0 in response to UpdateMetadata request sent by controller 0 epoch 52 with correlation id 0 (state.change.logger)
[2019-04-26 20:46:26,213] TRACE [Broker id=0] Cached leader info PartitionState(controllerEpoch=21, leader=0, leaderEpoch=0, isr=[0], zkVersion=0, replicas=[0], offlineReplicas=[]) for partition message-0 in response to UpdateMetadata request sent by controller 0 epoch 52 with correlation id 0 (state.change.logger)
[2019-04-26 20:46:26,213] TRACE [Broker id=0] Cached leader info PartitionState(controllerEpoch=22, leader=0, leaderEpoch=0, isr=[0], zkVersion=0, replicas=[0], offlineReplicas=[]) for partition fetchanswers-0 in response to UpdateMetadata request sent by controller 0 epoch 52 with correlation id 0 (state.change.logger)
[2019-04-26 20:46:26,213] TRACE [Broker id=0] Cached leader info PartitionState(controllerEpoch=1, leader=0, leaderEpoch=0, isr=[0], zkVersion=0, replicas=[0], offlineReplicas=[]) for partition auth-0 in response to UpdateMetadata request sent by controller 0 epoch 52 with correlation id 0 (state.change.logger)
[2019-04-26 20:46:26,213] TRACE [Broker id=0] Cached leader info PartitionState(controllerEpoch=1, leader=0, leaderEpoch=0, isr=[0], zkVersion=0, replicas=[0], offlineReplicas=[]) for partition profile-0 in response to UpdateMetadata request sent by controller 0 epoch 52 with correlation id 0 (state.change.logger)
[2019-04-26 20:46:26,213] TRACE [Broker id=0] Cached leader info PartitionState(controllerEpoch=13, leader=0, leaderEpoch=0, isr=[0], zkVersion=0, replicas=[0], offlineReplicas=[]) for partition question-0 in response to UpdateMetadata request sent by controller 0 epoch 52 with correlation id 0 (state.change.logger)
[2019-04-26 20:46:26,213] TRACE [Controller id=0 epoch=52] Sending UpdateMetadata request PartitionState(controllerEpoch=13, leader=0, leaderEpoch=0, isr=[0], zkVersion=0, replicas=[0], offlineReplicas=[]) to brokers Set(0) for partition topics-0 (state.change.logger)
[2019-04-26 20:46:26,213] TRACE [Broker id=0] Cached leader info PartitionState(controllerEpoch=13, leader=0, leaderEpoch=0, isr=[0], zkVersion=0, replicas=[0], offlineReplicas=[]) for partition topic-0 in response to UpdateMetadata request sent by controller 0 epoch 52 with correlation id 0 (state.change.logger)
[2019-04-26 20:46:26,213] TRACE [Controller id=0 epoch=52] Sending UpdateMetadata request PartitionState(controllerEpoch=13, leader=0, leaderEpoch=0, isr=[0], zkVersion=0, replicas=[0], offlineReplicas=[]) to brokers Set(0) for partition userFollowing-0 (state.change.logger)
[2019-04-26 20:46:26,213] TRACE [Broker id=0] Cached leader info PartitionState(controllerEpoch=13, leader=0, leaderEpoch=0, isr=[0], zkVersion=0, replicas=[0], offlineReplicas=[]) for partition topics-0 in response to UpdateMetadata request sent by controller 0 epoch 52 with correlation id 0 (state.change.logger)
[2019-04-26 20:46:26,213] TRACE [Broker id=0] Cached leader info PartitionState(controllerEpoch=22, leader=0, leaderEpoch=0, isr=[0], zkVersion=0, replicas=[0], offlineReplicas=[]) for partition getanswer-0 in response to UpdateMetadata request sent by controller 0 epoch 52 with correlation id 0 (state.change.logger)
[2019-04-26 20:46:26,213] TRACE [Controller id=0 epoch=52] Sending UpdateMetadata request PartitionState(controllerEpoch=22, leader=0, leaderEpoch=0, isr=[0], zkVersion=0, replicas=[0], offlineReplicas=[]) to brokers Set(0) for partition createanswer-0 (state.change.logger)
[2019-04-26 20:46:26,213] TRACE [Broker id=0] Cached leader info PartitionState(controllerEpoch=15, leader=0, leaderEpoch=0, isr=[0], zkVersion=0, replicas=[0], offlineReplicas=[]) for partition content-0 in response to UpdateMetadata request sent by controller 0 epoch 52 with correlation id 0 (state.change.logger)
[2019-04-26 20:46:26,213] TRACE [Controller id=0 epoch=52] Sending UpdateMetadata request PartitionState(controllerEpoch=21, leader=0, leaderEpoch=0, isr=[0], zkVersion=0, replicas=[0], offlineReplicas=[]) to brokers Set(0) for partition message-0 (state.change.logger)
[2019-04-26 20:46:26,213] TRACE [Broker id=0] Cached leader info PartitionState(controllerEpoch=22, leader=0, leaderEpoch=0, isr=[0], zkVersion=0, replicas=[0], offlineReplicas=[]) for partition follow-0 in response to UpdateMetadata request sent by controller 0 epoch 52 with correlation id 0 (state.change.logger)
[2019-04-26 20:46:26,213] TRACE [Controller id=0 epoch=52] Sending UpdateMetadata request PartitionState(controllerEpoch=15, leader=0, leaderEpoch=0, isr=[0], zkVersion=0, replicas=[0], offlineReplicas=[]) to brokers Set(0) for partition content-0 (state.change.logger)
[2019-04-26 20:46:26,214] TRACE [Broker id=0] Cached leader info PartitionState(controllerEpoch=13, leader=0, leaderEpoch=0, isr=[0], zkVersion=0, replicas=[0], offlineReplicas=[]) for partition userFollowing-0 in response to UpdateMetadata request sent by controller 0 epoch 52 with correlation id 0 (state.change.logger)
[2019-04-26 20:46:26,214] TRACE [Broker id=0] Cached leader info PartitionState(controllerEpoch=1, leader=0, leaderEpoch=0, isr=[0], zkVersion=0, replicas=[0], offlineReplicas=[]) for partition response_topic-0 in response to UpdateMetadata request sent by controller 0 epoch 52 with correlation id 0 (state.change.logger)
[2019-04-26 20:46:26,214] TRACE [Broker id=0] Cached leader info PartitionState(controllerEpoch=21, leader=0, leaderEpoch=0, isr=[0], zkVersion=0, replicas=[0], offlineReplicas=[]) for partition answer-0 in response to UpdateMetadata request sent by controller 0 epoch 52 with correlation id 0 (state.change.logger)
[2019-04-26 20:46:26,214] TRACE [Broker id=0] Cached leader info PartitionState(controllerEpoch=13, leader=0, leaderEpoch=0, isr=[0], zkVersion=0, replicas=[0], offlineReplicas=[]) for partition topcis-0 in response to UpdateMetadata request sent by controller 0 epoch 52 with correlation id 0 (state.change.logger)
[2019-04-26 20:46:26,214] TRACE [Controller id=0 epoch=52] Sending UpdateMetadata request PartitionState(controllerEpoch=13, leader=0, leaderEpoch=0, isr=[0], zkVersion=0, replicas=[0], offlineReplicas=[]) to brokers Set(0) for partition topic-0 (state.change.logger)
[2019-04-26 20:46:26,214] TRACE [Broker id=0] Cached leader info PartitionState(controllerEpoch=13, leader=0, leaderEpoch=0, isr=[0], zkVersion=0, replicas=[0], offlineReplicas=[]) for partition userFollowers-0 in response to UpdateMetadata request sent by controller 0 epoch 52 with correlation id 0 (state.change.logger)
[2019-04-26 20:46:26,214] TRACE [Controller id=0 epoch=52] Sending UpdateMetadata request PartitionState(controllerEpoch=13, leader=0, leaderEpoch=0, isr=[0], zkVersion=0, replicas=[0], offlineReplicas=[]) to brokers Set(0) for partition inbox-0 (state.change.logger)
[2019-04-26 20:46:26,214] TRACE [Broker id=0] Cached leader info PartitionState(controllerEpoch=13, leader=0, leaderEpoch=0, isr=[0], zkVersion=0, replicas=[0], offlineReplicas=[]) for partition inbox-0 in response to UpdateMetadata request sent by controller 0 epoch 52 with correlation id 0 (state.change.logger)
[2019-04-26 20:46:26,214] TRACE [Controller id=0 epoch=52] Sending UpdateMetadata request PartitionState(controllerEpoch=22, leader=0, leaderEpoch=0, isr=[0], zkVersion=0, replicas=[0], offlineReplicas=[]) to brokers Set(0) for partition fetchanswers-0 (state.change.logger)
[2019-04-26 20:46:26,214] TRACE [Controller id=0 epoch=52] Sending UpdateMetadata request PartitionState(controllerEpoch=1, leader=0, leaderEpoch=0, isr=[0], zkVersion=0, replicas=[0], offlineReplicas=[]) to brokers Set(0) for partition auth-0 (state.change.logger)
[2019-04-26 20:46:26,214] TRACE [Controller id=0 epoch=52] Sending UpdateMetadata request PartitionState(controllerEpoch=21, leader=0, leaderEpoch=0, isr=[0], zkVersion=0, replicas=[0], offlineReplicas=[]) to brokers Set(0) for partition answer-0 (state.change.logger)
[2019-04-26 20:46:26,215] TRACE [Controller id=0 epoch=52] Sending UpdateMetadata request PartitionState(controllerEpoch=13, leader=0, leaderEpoch=0, isr=[0], zkVersion=0, replicas=[0], offlineReplicas=[]) to brokers Set(0) for partition userFollowers-0 (state.change.logger)
[2019-04-26 20:46:26,215] TRACE [Controller id=0 epoch=52] Sending UpdateMetadata request PartitionState(controllerEpoch=1, leader=0, leaderEpoch=0, isr=[0], zkVersion=0, replicas=[0], offlineReplicas=[]) to brokers Set(0) for partition profile-0 (state.change.logger)
[2019-04-26 20:46:26,215] TRACE [Controller id=0 epoch=52] Sending UpdateMetadata request PartitionState(controllerEpoch=22, leader=0, leaderEpoch=0, isr=[0], zkVersion=0, replicas=[0], offlineReplicas=[]) to brokers Set(0) for partition follow-0 (state.change.logger)
[2019-04-26 20:46:26,215] TRACE [Controller id=0 epoch=52] Sending UpdateMetadata request PartitionState(controllerEpoch=13, leader=0, leaderEpoch=0, isr=[0], zkVersion=0, replicas=[0], offlineReplicas=[]) to brokers Set(0) for partition topcis-0 (state.change.logger)
[2019-04-26 20:46:26,215] TRACE [Controller id=0 epoch=52] Sending UpdateMetadata request PartitionState(controllerEpoch=1, leader=0, leaderEpoch=0, isr=[0], zkVersion=0, replicas=[0], offlineReplicas=[]) to brokers Set(0) for partition response_topic-0 (state.change.logger)
[2019-04-26 20:46:26,215] TRACE [Controller id=0 epoch=52] Sending UpdateMetadata request PartitionState(controllerEpoch=22, leader=0, leaderEpoch=0, isr=[0], zkVersion=0, replicas=[0], offlineReplicas=[]) to brokers Set(0) for partition getanswer-0 (state.change.logger)
[2019-04-26 20:46:26,215] TRACE [Controller id=0 epoch=52] Sending UpdateMetadata request PartitionState(controllerEpoch=13, leader=0, leaderEpoch=0, isr=[0], zkVersion=0, replicas=[0], offlineReplicas=[]) to brokers Set(0) for partition question-0 (state.change.logger)
[2019-04-26 20:46:26,223] TRACE [Controller id=0 epoch=52] Received response {error_code=0} for request UPDATE_METADATA with correlation id 0 sent to broker 172.31.99.138:9092 (id: 0 rack: null) (state.change.logger)
[2019-04-26 20:46:26,227] TRACE [Broker id=0] Received LeaderAndIsr request PartitionState(controllerEpoch=22, leader=0, leaderEpoch=0, isr=0, zkVersion=0, replicas=0, isNew=false) correlation id 1 from controller 0 epoch 52 for partition createanswer-0 (state.change.logger)
[2019-04-26 20:46:26,227] TRACE [Broker id=0] Received LeaderAndIsr request PartitionState(controllerEpoch=21, leader=0, leaderEpoch=0, isr=0, zkVersion=0, replicas=0, isNew=false) correlation id 1 from controller 0 epoch 52 for partition message-0 (state.change.logger)
[2019-04-26 20:46:26,227] TRACE [Broker id=0] Received LeaderAndIsr request PartitionState(controllerEpoch=22, leader=0, leaderEpoch=0, isr=0, zkVersion=0, replicas=0, isNew=false) correlation id 1 from controller 0 epoch 52 for partition fetchanswers-0 (state.change.logger)
[2019-04-26 20:46:26,227] TRACE [Broker id=0] Received LeaderAndIsr request PartitionState(controllerEpoch=1, leader=0, leaderEpoch=0, isr=0, zkVersion=0, replicas=0, isNew=false) correlation id 1 from controller 0 epoch 52 for partition auth-0 (state.change.logger)
[2019-04-26 20:46:26,227] TRACE [Broker id=0] Received LeaderAndIsr request PartitionState(controllerEpoch=1, leader=0, leaderEpoch=0, isr=0, zkVersion=0, replicas=0, isNew=false) correlation id 1 from controller 0 epoch 52 for partition profile-0 (state.change.logger)
[2019-04-26 20:46:26,227] TRACE [Broker id=0] Received LeaderAndIsr request PartitionState(controllerEpoch=13, leader=0, leaderEpoch=0, isr=0, zkVersion=0, replicas=0, isNew=false) correlation id 1 from controller 0 epoch 52 for partition question-0 (state.change.logger)
[2019-04-26 20:46:26,227] TRACE [Broker id=0] Received LeaderAndIsr request PartitionState(controllerEpoch=13, leader=0, leaderEpoch=0, isr=0, zkVersion=0, replicas=0, isNew=false) correlation id 1 from controller 0 epoch 52 for partition topic-0 (state.change.logger)
[2019-04-26 20:46:26,227] TRACE [Broker id=0] Received LeaderAndIsr request PartitionState(controllerEpoch=13, leader=0, leaderEpoch=0, isr=0, zkVersion=0, replicas=0, isNew=false) correlation id 1 from controller 0 epoch 52 for partition topics-0 (state.change.logger)
[2019-04-26 20:46:26,227] TRACE [Broker id=0] Received LeaderAndIsr request PartitionState(controllerEpoch=22, leader=0, leaderEpoch=0, isr=0, zkVersion=0, replicas=0, isNew=false) correlation id 1 from controller 0 epoch 52 for partition getanswer-0 (state.change.logger)
[2019-04-26 20:46:26,227] TRACE [Broker id=0] Received LeaderAndIsr request PartitionState(controllerEpoch=15, leader=0, leaderEpoch=0, isr=0, zkVersion=0, replicas=0, isNew=false) correlation id 1 from controller 0 epoch 52 for partition content-0 (state.change.logger)
[2019-04-26 20:46:26,228] TRACE [Broker id=0] Received LeaderAndIsr request PartitionState(controllerEpoch=22, leader=0, leaderEpoch=0, isr=0, zkVersion=0, replicas=0, isNew=false) correlation id 1 from controller 0 epoch 52 for partition follow-0 (state.change.logger)
[2019-04-26 20:46:26,228] TRACE [Broker id=0] Received LeaderAndIsr request PartitionState(controllerEpoch=13, leader=0, leaderEpoch=0, isr=0, zkVersion=0, replicas=0, isNew=false) correlation id 1 from controller 0 epoch 52 for partition userFollowing-0 (state.change.logger)
[2019-04-26 20:46:26,228] TRACE [Broker id=0] Received LeaderAndIsr request PartitionState(controllerEpoch=1, leader=0, leaderEpoch=0, isr=0, zkVersion=0, replicas=0, isNew=false) correlation id 1 from controller 0 epoch 52 for partition response_topic-0 (state.change.logger)
[2019-04-26 20:46:26,228] TRACE [Broker id=0] Received LeaderAndIsr request PartitionState(controllerEpoch=21, leader=0, leaderEpoch=0, isr=0, zkVersion=0, replicas=0, isNew=false) correlation id 1 from controller 0 epoch 52 for partition answer-0 (state.change.logger)
[2019-04-26 20:46:26,228] TRACE [Broker id=0] Received LeaderAndIsr request PartitionState(controllerEpoch=13, leader=0, leaderEpoch=0, isr=0, zkVersion=0, replicas=0, isNew=false) correlation id 1 from controller 0 epoch 52 for partition topcis-0 (state.change.logger)
[2019-04-26 20:46:26,228] TRACE [Broker id=0] Received LeaderAndIsr request PartitionState(controllerEpoch=13, leader=0, leaderEpoch=0, isr=0, zkVersion=0, replicas=0, isNew=false) correlation id 1 from controller 0 epoch 52 for partition inbox-0 (state.change.logger)
[2019-04-26 20:46:26,228] TRACE [Broker id=0] Received LeaderAndIsr request PartitionState(controllerEpoch=13, leader=0, leaderEpoch=0, isr=0, zkVersion=0, replicas=0, isNew=false) correlation id 1 from controller 0 epoch 52 for partition userFollowers-0 (state.change.logger)
[2019-04-26 20:46:26,242] TRACE [Broker id=0] Handling LeaderAndIsr request correlationId 1 from controller 0 epoch 52 starting the become-leader transition for partition getanswer-0 (state.change.logger)
[2019-04-26 20:46:26,242] TRACE [Broker id=0] Handling LeaderAndIsr request correlationId 1 from controller 0 epoch 52 starting the become-leader transition for partition topics-0 (state.change.logger)
[2019-04-26 20:46:26,242] TRACE [Broker id=0] Handling LeaderAndIsr request correlationId 1 from controller 0 epoch 52 starting the become-leader transition for partition createanswer-0 (state.change.logger)
[2019-04-26 20:46:26,242] TRACE [Broker id=0] Handling LeaderAndIsr request correlationId 1 from controller 0 epoch 52 starting the become-leader transition for partition message-0 (state.change.logger)
[2019-04-26 20:46:26,242] TRACE [Broker id=0] Handling LeaderAndIsr request correlationId 1 from controller 0 epoch 52 starting the become-leader transition for partition auth-0 (state.change.logger)
[2019-04-26 20:46:26,243] TRACE [Broker id=0] Handling LeaderAndIsr request correlationId 1 from controller 0 epoch 52 starting the become-leader transition for partition content-0 (state.change.logger)
[2019-04-26 20:46:26,243] TRACE [Broker id=0] Handling LeaderAndIsr request correlationId 1 from controller 0 epoch 52 starting the become-leader transition for partition topic-0 (state.change.logger)
[2019-04-26 20:46:26,243] TRACE [Broker id=0] Handling LeaderAndIsr request correlationId 1 from controller 0 epoch 52 starting the become-leader transition for partition fetchanswers-0 (state.change.logger)
[2019-04-26 20:46:26,243] TRACE [Broker id=0] Handling LeaderAndIsr request correlationId 1 from controller 0 epoch 52 starting the become-leader transition for partition inbox-0 (state.change.logger)
[2019-04-26 20:46:26,243] TRACE [Broker id=0] Handling LeaderAndIsr request correlationId 1 from controller 0 epoch 52 starting the become-leader transition for partition answer-0 (state.change.logger)
[2019-04-26 20:46:26,243] TRACE [Broker id=0] Handling LeaderAndIsr request correlationId 1 from controller 0 epoch 52 starting the become-leader transition for partition follow-0 (state.change.logger)
[2019-04-26 20:46:26,243] TRACE [Broker id=0] Handling LeaderAndIsr request correlationId 1 from controller 0 epoch 52 starting the become-leader transition for partition response_topic-0 (state.change.logger)
[2019-04-26 20:46:26,243] TRACE [Broker id=0] Handling LeaderAndIsr request correlationId 1 from controller 0 epoch 52 starting the become-leader transition for partition profile-0 (state.change.logger)
[2019-04-26 20:46:26,243] TRACE [Broker id=0] Handling LeaderAndIsr request correlationId 1 from controller 0 epoch 52 starting the become-leader transition for partition question-0 (state.change.logger)
[2019-04-26 20:46:26,243] TRACE [Broker id=0] Handling LeaderAndIsr request correlationId 1 from controller 0 epoch 52 starting the become-leader transition for partition userFollowers-0 (state.change.logger)
[2019-04-26 20:46:26,243] TRACE [Broker id=0] Handling LeaderAndIsr request correlationId 1 from controller 0 epoch 52 starting the become-leader transition for partition userFollowing-0 (state.change.logger)
[2019-04-26 20:46:26,243] TRACE [Broker id=0] Handling LeaderAndIsr request correlationId 1 from controller 0 epoch 52 starting the become-leader transition for partition topcis-0 (state.change.logger)
[2019-04-26 20:46:26,272] TRACE [Broker id=0] Stopped fetchers as part of become-leader request from controller 0 epoch 52 with correlation id 1 for partition getanswer-0 (last update controller epoch 22) (state.change.logger)
[2019-04-26 20:46:26,274] TRACE [Broker id=0] Stopped fetchers as part of become-leader request from controller 0 epoch 52 with correlation id 1 for partition topics-0 (last update controller epoch 13) (state.change.logger)
[2019-04-26 20:46:26,277] TRACE [Broker id=0] Stopped fetchers as part of become-leader request from controller 0 epoch 52 with correlation id 1 for partition createanswer-0 (last update controller epoch 22) (state.change.logger)
[2019-04-26 20:46:26,281] TRACE [Broker id=0] Stopped fetchers as part of become-leader request from controller 0 epoch 52 with correlation id 1 for partition message-0 (last update controller epoch 21) (state.change.logger)
[2019-04-26 20:46:26,284] TRACE [Broker id=0] Stopped fetchers as part of become-leader request from controller 0 epoch 52 with correlation id 1 for partition auth-0 (last update controller epoch 1) (state.change.logger)
[2019-04-26 20:46:26,288] TRACE [Broker id=0] Stopped fetchers as part of become-leader request from controller 0 epoch 52 with correlation id 1 for partition content-0 (last update controller epoch 15) (state.change.logger)
[2019-04-26 20:46:26,291] TRACE [Broker id=0] Stopped fetchers as part of become-leader request from controller 0 epoch 52 with correlation id 1 for partition topic-0 (last update controller epoch 13) (state.change.logger)
[2019-04-26 20:46:26,295] TRACE [Broker id=0] Stopped fetchers as part of become-leader request from controller 0 epoch 52 with correlation id 1 for partition fetchanswers-0 (last update controller epoch 22) (state.change.logger)
[2019-04-26 20:46:26,297] TRACE [Broker id=0] Stopped fetchers as part of become-leader request from controller 0 epoch 52 with correlation id 1 for partition inbox-0 (last update controller epoch 13) (state.change.logger)
[2019-04-26 20:46:26,301] TRACE [Broker id=0] Stopped fetchers as part of become-leader request from controller 0 epoch 52 with correlation id 1 for partition answer-0 (last update controller epoch 21) (state.change.logger)
[2019-04-26 20:46:26,303] TRACE [Broker id=0] Stopped fetchers as part of become-leader request from controller 0 epoch 52 with correlation id 1 for partition follow-0 (last update controller epoch 22) (state.change.logger)
[2019-04-26 20:46:26,306] TRACE [Broker id=0] Stopped fetchers as part of become-leader request from controller 0 epoch 52 with correlation id 1 for partition response_topic-0 (last update controller epoch 1) (state.change.logger)
[2019-04-26 20:46:26,310] TRACE [Broker id=0] Stopped fetchers as part of become-leader request from controller 0 epoch 52 with correlation id 1 for partition profile-0 (last update controller epoch 1) (state.change.logger)
[2019-04-26 20:46:26,312] TRACE [Broker id=0] Stopped fetchers as part of become-leader request from controller 0 epoch 52 with correlation id 1 for partition question-0 (last update controller epoch 13) (state.change.logger)
[2019-04-26 20:46:26,315] TRACE [Broker id=0] Stopped fetchers as part of become-leader request from controller 0 epoch 52 with correlation id 1 for partition userFollowers-0 (last update controller epoch 13) (state.change.logger)
[2019-04-26 20:46:26,319] TRACE [Broker id=0] Stopped fetchers as part of become-leader request from controller 0 epoch 52 with correlation id 1 for partition userFollowing-0 (last update controller epoch 13) (state.change.logger)
[2019-04-26 20:46:26,322] TRACE [Broker id=0] Stopped fetchers as part of become-leader request from controller 0 epoch 52 with correlation id 1 for partition topcis-0 (last update controller epoch 13) (state.change.logger)
[2019-04-26 20:46:26,323] TRACE [Broker id=0] Completed LeaderAndIsr request correlationId 1 from controller 0 epoch 52 for the become-leader transition for partition getanswer-0 (state.change.logger)
[2019-04-26 20:46:26,323] TRACE [Broker id=0] Completed LeaderAndIsr request correlationId 1 from controller 0 epoch 52 for the become-leader transition for partition topics-0 (state.change.logger)
[2019-04-26 20:46:26,323] TRACE [Broker id=0] Completed LeaderAndIsr request correlationId 1 from controller 0 epoch 52 for the become-leader transition for partition createanswer-0 (state.change.logger)
[2019-04-26 20:46:26,323] TRACE [Broker id=0] Completed LeaderAndIsr request correlationId 1 from controller 0 epoch 52 for the become-leader transition for partition message-0 (state.change.logger)
[2019-04-26 20:46:26,323] TRACE [Broker id=0] Completed LeaderAndIsr request correlationId 1 from controller 0 epoch 52 for the become-leader transition for partition auth-0 (state.change.logger)
[2019-04-26 20:46:26,323] TRACE [Broker id=0] Completed LeaderAndIsr request correlationId 1 from controller 0 epoch 52 for the become-leader transition for partition content-0 (state.change.logger)
[2019-04-26 20:46:26,323] TRACE [Broker id=0] Completed LeaderAndIsr request correlationId 1 from controller 0 epoch 52 for the become-leader transition for partition topic-0 (state.change.logger)
[2019-04-26 20:46:26,323] TRACE [Broker id=0] Completed LeaderAndIsr request correlationId 1 from controller 0 epoch 52 for the become-leader transition for partition fetchanswers-0 (state.change.logger)
[2019-04-26 20:46:26,323] TRACE [Broker id=0] Completed LeaderAndIsr request correlationId 1 from controller 0 epoch 52 for the become-leader transition for partition inbox-0 (state.change.logger)
[2019-04-26 20:46:26,323] TRACE [Broker id=0] Completed LeaderAndIsr request correlationId 1 from controller 0 epoch 52 for the become-leader transition for partition answer-0 (state.change.logger)
[2019-04-26 20:46:26,323] TRACE [Broker id=0] Completed LeaderAndIsr request correlationId 1 from controller 0 epoch 52 for the become-leader transition for partition follow-0 (state.change.logger)
[2019-04-26 20:46:26,323] TRACE [Broker id=0] Completed LeaderAndIsr request correlationId 1 from controller 0 epoch 52 for the become-leader transition for partition response_topic-0 (state.change.logger)
[2019-04-26 20:46:26,323] TRACE [Broker id=0] Completed LeaderAndIsr request correlationId 1 from controller 0 epoch 52 for the become-leader transition for partition profile-0 (state.change.logger)
[2019-04-26 20:46:26,323] TRACE [Broker id=0] Completed LeaderAndIsr request correlationId 1 from controller 0 epoch 52 for the become-leader transition for partition question-0 (state.change.logger)
[2019-04-26 20:46:26,323] TRACE [Broker id=0] Completed LeaderAndIsr request correlationId 1 from controller 0 epoch 52 for the become-leader transition for partition userFollowers-0 (state.change.logger)
[2019-04-26 20:46:26,323] TRACE [Broker id=0] Completed LeaderAndIsr request correlationId 1 from controller 0 epoch 52 for the become-leader transition for partition userFollowing-0 (state.change.logger)
[2019-04-26 20:46:26,323] TRACE [Broker id=0] Completed LeaderAndIsr request correlationId 1 from controller 0 epoch 52 for the become-leader transition for partition topcis-0 (state.change.logger)
[2019-04-26 20:46:26,334] TRACE [Controller id=0 epoch=52] Received response {error_code=0,partitions=[{topic=createanswer,partition=0,error_code=0},{topic=message,partition=0,error_code=0},{topic=fetchanswers,partition=0,error_code=0},{topic=auth,partition=0,error_code=0},{topic=profile,partition=0,error_code=0},{topic=question,partition=0,error_code=0},{topic=topic,partition=0,error_code=0},{topic=topics,partition=0,error_code=0},{topic=getanswer,partition=0,error_code=0},{topic=content,partition=0,error_code=0},{topic=follow,partition=0,error_code=0},{topic=userFollowing,partition=0,error_code=0},{topic=response_topic,partition=0,error_code=0},{topic=answer,partition=0,error_code=0},{topic=topcis,partition=0,error_code=0},{topic=inbox,partition=0,error_code=0},{topic=userFollowers,partition=0,error_code=0}]} for request LEADER_AND_ISR with correlation id 1 sent to broker 172.31.99.138:9092 (id: 0 rack: null) (state.change.logger)
[2019-04-26 20:46:26,337] TRACE [Broker id=0] Cached leader info PartitionState(controllerEpoch=22, leader=0, leaderEpoch=0, isr=[0], zkVersion=0, replicas=[0], offlineReplicas=[]) for partition createanswer-0 in response to UpdateMetadata request sent by controller 0 epoch 52 with correlation id 2 (state.change.logger)
[2019-04-26 20:46:26,337] TRACE [Broker id=0] Cached leader info PartitionState(controllerEpoch=21, leader=0, leaderEpoch=0, isr=[0], zkVersion=0, replicas=[0], offlineReplicas=[]) for partition message-0 in response to UpdateMetadata request sent by controller 0 epoch 52 with correlation id 2 (state.change.logger)
[2019-04-26 20:46:26,337] TRACE [Broker id=0] Cached leader info PartitionState(controllerEpoch=22, leader=0, leaderEpoch=0, isr=[0], zkVersion=0, replicas=[0], offlineReplicas=[]) for partition fetchanswers-0 in response to UpdateMetadata request sent by controller 0 epoch 52 with correlation id 2 (state.change.logger)
[2019-04-26 20:46:26,337] TRACE [Broker id=0] Cached leader info PartitionState(controllerEpoch=1, leader=0, leaderEpoch=0, isr=[0], zkVersion=0, replicas=[0], offlineReplicas=[]) for partition auth-0 in response to UpdateMetadata request sent by controller 0 epoch 52 with correlation id 2 (state.change.logger)
[2019-04-26 20:46:26,338] TRACE [Broker id=0] Cached leader info PartitionState(controllerEpoch=1, leader=0, leaderEpoch=0, isr=[0], zkVersion=0, replicas=[0], offlineReplicas=[]) for partition profile-0 in response to UpdateMetadata request sent by controller 0 epoch 52 with correlation id 2 (state.change.logger)
[2019-04-26 20:46:26,338] TRACE [Broker id=0] Cached leader info PartitionState(controllerEpoch=13, leader=0, leaderEpoch=0, isr=[0], zkVersion=0, replicas=[0], offlineReplicas=[]) for partition question-0 in response to UpdateMetadata request sent by controller 0 epoch 52 with correlation id 2 (state.change.logger)
[2019-04-26 20:46:26,338] TRACE [Broker id=0] Cached leader info PartitionState(controllerEpoch=13, leader=0, leaderEpoch=0, isr=[0], zkVersion=0, replicas=[0], offlineReplicas=[]) for partition topic-0 in response to UpdateMetadata request sent by controller 0 epoch 52 with correlation id 2 (state.change.logger)
[2019-04-26 20:46:26,338] TRACE [Broker id=0] Cached leader info PartitionState(controllerEpoch=13, leader=0, leaderEpoch=0, isr=[0], zkVersion=0, replicas=[0], offlineReplicas=[]) for partition topics-0 in response to UpdateMetadata request sent by controller 0 epoch 52 with correlation id 2 (state.change.logger)
[2019-04-26 20:46:26,338] TRACE [Broker id=0] Cached leader info PartitionState(controllerEpoch=22, leader=0, leaderEpoch=0, isr=[0], zkVersion=0, replicas=[0], offlineReplicas=[]) for partition getanswer-0 in response to UpdateMetadata request sent by controller 0 epoch 52 with correlation id 2 (state.change.logger)
[2019-04-26 20:46:26,338] TRACE [Broker id=0] Cached leader info PartitionState(controllerEpoch=15, leader=0, leaderEpoch=0, isr=[0], zkVersion=0, replicas=[0], offlineReplicas=[]) for partition content-0 in response to UpdateMetadata request sent by controller 0 epoch 52 with correlation id 2 (state.change.logger)
[2019-04-26 20:46:26,338] TRACE [Broker id=0] Cached leader info PartitionState(controllerEpoch=22, leader=0, leaderEpoch=0, isr=[0], zkVersion=0, replicas=[0], offlineReplicas=[]) for partition follow-0 in response to UpdateMetadata request sent by controller 0 epoch 52 with correlation id 2 (state.change.logger)
[2019-04-26 20:46:26,338] TRACE [Broker id=0] Cached leader info PartitionState(controllerEpoch=13, leader=0, leaderEpoch=0, isr=[0], zkVersion=0, replicas=[0], offlineReplicas=[]) for partition userFollowing-0 in response to UpdateMetadata request sent by controller 0 epoch 52 with correlation id 2 (state.change.logger)
[2019-04-26 20:46:26,338] TRACE [Broker id=0] Cached leader info PartitionState(controllerEpoch=1, leader=0, leaderEpoch=0, isr=[0], zkVersion=0, replicas=[0], offlineReplicas=[]) for partition response_topic-0 in response to UpdateMetadata request sent by controller 0 epoch 52 with correlation id 2 (state.change.logger)
[2019-04-26 20:46:26,338] TRACE [Broker id=0] Cached leader info PartitionState(controllerEpoch=21, leader=0, leaderEpoch=0, isr=[0], zkVersion=0, replicas=[0], offlineReplicas=[]) for partition answer-0 in response to UpdateMetadata request sent by controller 0 epoch 52 with correlation id 2 (state.change.logger)
[2019-04-26 20:46:26,338] TRACE [Broker id=0] Cached leader info PartitionState(controllerEpoch=13, leader=0, leaderEpoch=0, isr=[0], zkVersion=0, replicas=[0], offlineReplicas=[]) for partition topcis-0 in response to UpdateMetadata request sent by controller 0 epoch 52 with correlation id 2 (state.change.logger)
[2019-04-26 20:46:26,338] TRACE [Broker id=0] Cached leader info PartitionState(controllerEpoch=13, leader=0, leaderEpoch=0, isr=[0], zkVersion=0, replicas=[0], offlineReplicas=[]) for partition userFollowers-0 in response to UpdateMetadata request sent by controller 0 epoch 52 with correlation id 2 (state.change.logger)
[2019-04-26 20:46:26,338] TRACE [Broker id=0] Cached leader info PartitionState(controllerEpoch=13, leader=0, leaderEpoch=0, isr=[0], zkVersion=0, replicas=[0], offlineReplicas=[]) for partition inbox-0 in response to UpdateMetadata request sent by controller 0 epoch 52 with correlation id 2 (state.change.logger)
[2019-04-26 20:46:26,339] TRACE [Controller id=0 epoch=52] Received response {error_code=0} for request UPDATE_METADATA with correlation id 2 sent to broker 172.31.99.138:9092 (id: 0 rack: null) (state.change.logger)
